<?xml version="1.0" encoding="UTF-8"?>
<testsuite xmlns:xsi="http://www.w3.org/2001/XMLSchema-instance" xsi:noNamespaceSchemaLocation="https://maven.apache.org/surefire/maven-surefire-plugin/xsd/surefire-test-report-3.0.xsd" version="3.0" name="tqs.sets.BoundedSetOfNaturalsTest" time="0.574" tests="4" errors="0" skipped="0" failures="0">
  <properties>
[...]
</properties>
  <testcase name="addNonNatural" classname="tqs.sets.BoundedSetOfNaturalsTest" time="0.36"/>
  <testcase name="testAddElement" classname="tqs.sets.BoundedSetOfNaturalsTest" time="0.008"/>
  <testcase name="addDuplicate" classname="tqs.sets.BoundedSetOfNaturalsTest" time="0.02"/>
  <testcase name="testAddFromBadArray" classname="tqs.sets.BoundedSetOfNaturalsTest" time="0.003"/>
</testsuite>